The system is: Linux - 2.6.32-642.6.2.el6.centos.plus.x86_64 - x86_64
Compiling the C compiler identification source file "CMakeCCompilerId.c" succeeded.
Compiler: /home/sarna/Desktop/Libraries/mpich/bin/mpicc 
Build flags: 
Id flags: 

The output was:
0


Compilation of the C compiler identification source "CMakeCCompilerId.c" produced "a.out"

The C compiler identification is GNU, found in "/home/sarna/Desktop/DG_moments_dealii/build/CMakeFiles/2.8.12.2/CompilerIdC/a.out"

Compiling the CXX compiler identification source file "CMakeCXXCompilerId.cpp" succeeded.
Compiler: /home/sarna/Desktop/Libraries/mpich/bin/mpicxx 
Build flags: 
Id flags: 

The output was:
0


Compilation of the CXX compiler identification source "CMakeCXXCompilerId.cpp" produced "a.out"

The CXX compiler identification is GNU, found in "/home/sarna/Desktop/DG_moments_dealii/build/CMakeFiles/2.8.12.2/CompilerIdCXX/a.out"

Determining if the C compiler works passed with the following output:
Change Dir: /home/sarna/Desktop/DG_moments_dealii/build/CMakeFiles/CMakeTmp

Run Build Command:/usr/bin/gmake "cmTryCompileExec3014479189/fast"
/usr/bin/gmake -f CMakeFiles/cmTryCompileExec3014479189.dir/build.make CMakeFiles/cmTryCompileExec3014479189.dir/build
gmake[1]: Entering directory `/home/sarna/Desktop/DG_moments_dealii/build/CMakeFiles/CMakeTmp'
/usr/bin/cmake -E cmake_progress_report /home/sarna/Desktop/DG_moments_dealii/build/CMakeFiles/CMakeTmp/CMakeFiles 1
Building C object CMakeFiles/cmTryCompileExec3014479189.dir/testCCompiler.c.o
/home/sarna/Desktop/Libraries/mpich/bin/mpicc    -o CMakeFiles/cmTryCompileExec3014479189.dir/testCCompiler.c.o   -c /home/sarna/Desktop/DG_moments_dealii/build/CMakeFiles/CMakeTmp/testCCompiler.c
Linking C executable cmTryCompileExec3014479189
/usr/bin/cmake -E cmake_link_script CMakeFiles/cmTryCompileExec3014479189.dir/link.txt --verbose=1
/home/sarna/Desktop/Libraries/mpich/bin/mpicc       CMakeFiles/cmTryCompileExec3014479189.dir/testCCompiler.c.o  -o cmTryCompileExec3014479189 -rdynamic 
gmake[1]: Leaving directory `/home/sarna/Desktop/DG_moments_dealii/build/CMakeFiles/CMakeTmp'


Detecting C compiler ABI info compiled with the following output:
Change Dir: /home/sarna/Desktop/DG_moments_dealii/build/CMakeFiles/CMakeTmp

Run Build Command:/usr/bin/gmake "cmTryCompileExec1865025265/fast"
/usr/bin/gmake -f CMakeFiles/cmTryCompileExec1865025265.dir/build.make CMakeFiles/cmTryCompileExec1865025265.dir/build
gmake[1]: Entering directory `/home/sarna/Desktop/DG_moments_dealii/build/CMakeFiles/CMakeTmp'
/usr/bin/cmake -E cmake_progress_report /home/sarna/Desktop/DG_moments_dealii/build/CMakeFiles/CMakeTmp/CMakeFiles 1
Building C object CMakeFiles/cmTryCompileExec1865025265.dir/CMakeCCompilerABI.c.o
/home/sarna/Desktop/Libraries/mpich/bin/mpicc    -o CMakeFiles/cmTryCompileExec1865025265.dir/CMakeCCompilerABI.c.o   -c /usr/share/cmake/Modules/CMakeCCompilerABI.c
Linking C executable cmTryCompileExec1865025265
/usr/bin/cmake -E cmake_link_script CMakeFiles/cmTryCompileExec1865025265.dir/link.txt --verbose=1
/home/sarna/Desktop/Libraries/mpich/bin/mpicc     -v CMakeFiles/cmTryCompileExec1865025265.dir/CMakeCCompilerABI.c.o  -o cmTryCompileExec1865025265 -rdynamic  
mpicc for MPICH version 3.2
Using built-in specs.
COLLECT_GCC=/opt/centos/devtoolset-2/root/usr/bin/gcc
COLLECT_LTO_WRAPPER=/opt/centos/devtoolset-2/root/usr/bin/../libexec/gcc/x86_64-redhat-linux/4.8.2/lto-wrapper
Target: x86_64-redhat-linux
Configured with: ../configure --prefix=/opt/rh/devtoolset-2/root/usr --mandir=/opt/rh/devtoolset-2/root/usr/share/man --infodir=/opt/rh/devtoolset-2/root/usr/share/info --with-bugurl=http://bugzilla.redhat.com/bugzilla --enable-bootstrap --enable-shared --enable-threads=posix --enable-checking=release --with-system-zlib --enable-__cxa_atexit --disable-libunwind-exceptions --enable-gnu-unique-object --enable-linker-build-id --enable-languages=c,c++,fortran,lto --enable-plugin --with-linker-hash-style=gnu --enable-initfini-array --disable-libgcj --with-isl=/builddir/build/BUILD/gcc-4.8.2-20140120/obj-x86_64-redhat-linux/isl-install --with-cloog=/builddir/build/BUILD/gcc-4.8.2-20140120/obj-x86_64-redhat-linux/cloog-install --with-mpc=/builddir/build/BUILD/gcc-4.8.2-20140120/obj-x86_64-redhat-linux/mpc-install --with-tune=generic --with-arch_32=i686 --build=x86_64-redhat-linux
Thread model: posix
gcc version 4.8.2 20140120 (Red Hat 4.8.2-15) (GCC) 
COMPILER_PATH=/opt/centos/devtoolset-2/root/usr/bin/../libexec/gcc/x86_64-redhat-linux/4.8.2/:/opt/centos/devtoolset-2/root/usr/bin/../libexec/gcc/
LIBRARY_PATH=/opt/centos/devtoolset-2/root/usr/bin/../lib/gcc/x86_64-redhat-linux/4.8.2/:/opt/centos/devtoolset-2/root/usr/bin/../lib/gcc/:/opt/centos/devtoolset-2/root/usr/bin/../lib/gcc/x86_64-redhat-linux/4.8.2/../../../../lib64/:/lib/../lib64/:/usr/lib/../lib64/:/opt/intel/compilers_and_libraries_2016.3.210/linux/ipp/lib/intel64/:/opt/intel/compilers_and_libraries_2016.3.210/linux/compiler/lib/intel64/:/opt/intel/compilers_and_libraries_2016.3.210/linux/mkl/lib/intel64/:/opt/intel/compilers_and_libraries_2016.3.210/linux/tbb/lib/intel64/gcc4.4/:/opt/intel/compilers_and_libraries_2016.3.210/linux/daal/lib/intel64_lin/:/opt/intel/compilers_and_libraries_2016.3.210/linux/daal/../tbb/lib/intel64_lin/gcc4.4/:/opt/intel/compilers_and_libraries_2016.3.210/linux/daal/../compiler/lib/intel64_lin/:/opt/centos/devtoolset-2/root/usr/bin/../lib/gcc/x86_64-redhat-linux/4.8.2/../../../:/lib/:/usr/lib/
COLLECT_GCC_OPTIONS='-v' '-o' 'cmTryCompileExec1865025265' '-rdynamic' '-I' '/home/sarna/Desktop/Libraries/mpich/include' '-L/home/sarna/Desktop/Libraries/mpich/lib' '-mtune=generic' '-march=x86-64'
 /opt/centos/devtoolset-2/root/usr/bin/../libexec/gcc/x86_64-redhat-linux/4.8.2/collect2 --build-id --no-add-needed --eh-frame-hdr --hash-style=gnu -m elf_x86_64 -export-dynamic -dynamic-linker /lib64/ld-linux-x86-64.so.2 -o cmTryCompileExec1865025265 /usr/lib/../lib64/crt1.o /usr/lib/../lib64/crti.o /opt/centos/devtoolset-2/root/usr/bin/../lib/gcc/x86_64-redhat-linux/4.8.2/crtbegin.o -L/home/sarna/Desktop/Libraries/mpich/lib -L/opt/centos/devtoolset-2/root/usr/bin/../lib/gcc/x86_64-redhat-linux/4.8.2 -L/opt/centos/devtoolset-2/root/usr/bin/../lib/gcc -L/opt/centos/devtoolset-2/root/usr/bin/../lib/gcc/x86_64-redhat-linux/4.8.2/../../../../lib64 -L/lib/../lib64 -L/usr/lib/../lib64 -L/opt/intel/compilers_and_libraries_2016.3.210/linux/ipp/lib/intel64 -L/opt/intel/compilers_and_libraries_2016.3.210/linux/compiler/lib/intel64 -L/opt/intel/compilers_and_libraries_2016.3.210/linux/mkl/lib/intel64 -L/opt/intel/compilers_and_libraries_2016.3.210/linux/tbb/lib/intel64/gcc4.4 -L/opt/intel/compilers_and_libraries_2016.3.210/linux/daal/lib/intel64_lin -L/opt/intel/compilers_and_libraries_2016.3.210/linux/daal/../tbb/lib/intel64_lin/gcc4.4 -L/opt/intel/compilers_and_libraries_2016.3.210/linux/daal/../compiler/lib/intel64_lin -L/opt/centos/devtoolset-2/root/usr/bin/../lib/gcc/x86_64-redhat-linux/4.8.2/../../.. CMakeFiles/cmTryCompileExec1865025265.dir/CMakeCCompilerABI.c.o -rpath /home/sarna/Desktop/Libraries/mpich/lib --enable-new-dtags -lmpi -lgcc --as-needed -lgcc_s --no-as-needed -lc -lgcc --as-needed -lgcc_s --no-as-needed /opt/centos/devtoolset-2/root/usr/bin/../lib/gcc/x86_64-redhat-linux/4.8.2/crtend.o /usr/lib/../lib64/crtn.o
gmake[1]: Leaving directory `/home/sarna/Desktop/DG_moments_dealii/build/CMakeFiles/CMakeTmp'


Parsed C implicit link information from above output:
  link line regex: [^( *|.*[/\])(ld|([^/\]+-)?ld|collect2)[^/\]*( |$)]
  ignore line: [Change Dir: /home/sarna/Desktop/DG_moments_dealii/build/CMakeFiles/CMakeTmp]
  ignore line: []
  ignore line: [Run Build Command:/usr/bin/gmake "cmTryCompileExec1865025265/fast"]
  ignore line: [/usr/bin/gmake -f CMakeFiles/cmTryCompileExec1865025265.dir/build.make CMakeFiles/cmTryCompileExec1865025265.dir/build]
  ignore line: [gmake[1]: Entering directory `/home/sarna/Desktop/DG_moments_dealii/build/CMakeFiles/CMakeTmp']
  ignore line: [/usr/bin/cmake -E cmake_progress_report /home/sarna/Desktop/DG_moments_dealii/build/CMakeFiles/CMakeTmp/CMakeFiles 1]
  ignore line: [Building C object CMakeFiles/cmTryCompileExec1865025265.dir/CMakeCCompilerABI.c.o]
  ignore line: [/home/sarna/Desktop/Libraries/mpich/bin/mpicc    -o CMakeFiles/cmTryCompileExec1865025265.dir/CMakeCCompilerABI.c.o   -c /usr/share/cmake/Modules/CMakeCCompilerABI.c]
  ignore line: [Linking C executable cmTryCompileExec1865025265]
  ignore line: [/usr/bin/cmake -E cmake_link_script CMakeFiles/cmTryCompileExec1865025265.dir/link.txt --verbose=1]
  ignore line: [/home/sarna/Desktop/Libraries/mpich/bin/mpicc     -v CMakeFiles/cmTryCompileExec1865025265.dir/CMakeCCompilerABI.c.o  -o cmTryCompileExec1865025265 -rdynamic  ]
  ignore line: [mpicc for MPICH version 3.2]
  ignore line: [Using built-in specs.]
  ignore line: [COLLECT_GCC=/opt/centos/devtoolset-2/root/usr/bin/gcc]
  ignore line: [COLLECT_LTO_WRAPPER=/opt/centos/devtoolset-2/root/usr/bin/../libexec/gcc/x86_64-redhat-linux/4.8.2/lto-wrapper]
  ignore line: [Target: x86_64-redhat-linux]
  ignore line: [Configured with: ../configure --prefix=/opt/rh/devtoolset-2/root/usr --mandir=/opt/rh/devtoolset-2/root/usr/share/man --infodir=/opt/rh/devtoolset-2/root/usr/share/info --with-bugurl=http://bugzilla.redhat.com/bugzilla --enable-bootstrap --enable-shared --enable-threads=posix --enable-checking=release --with-system-zlib --enable-__cxa_atexit --disable-libunwind-exceptions --enable-gnu-unique-object --enable-linker-build-id --enable-languages=c,c++,fortran,lto --enable-plugin --with-linker-hash-style=gnu --enable-initfini-array --disable-libgcj --with-isl=/builddir/build/BUILD/gcc-4.8.2-20140120/obj-x86_64-redhat-linux/isl-install --with-cloog=/builddir/build/BUILD/gcc-4.8.2-20140120/obj-x86_64-redhat-linux/cloog-install --with-mpc=/builddir/build/BUILD/gcc-4.8.2-20140120/obj-x86_64-redhat-linux/mpc-install --with-tune=generic --with-arch_32=i686 --build=x86_64-redhat-linux]
  ignore line: [Thread model: posix]
  ignore line: [gcc version 4.8.2 20140120 (Red Hat 4.8.2-15) (GCC) ]
  ignore line: [COMPILER_PATH=/opt/centos/devtoolset-2/root/usr/bin/../libexec/gcc/x86_64-redhat-linux/4.8.2/:/opt/centos/devtoolset-2/root/usr/bin/../libexec/gcc/]
  ignore line: [LIBRARY_PATH=/opt/centos/devtoolset-2/root/usr/bin/../lib/gcc/x86_64-redhat-linux/4.8.2/:/opt/centos/devtoolset-2/root/usr/bin/../lib/gcc/:/opt/centos/devtoolset-2/root/usr/bin/../lib/gcc/x86_64-redhat-linux/4.8.2/../../../../lib64/:/lib/../lib64/:/usr/lib/../lib64/:/opt/intel/compilers_and_libraries_2016.3.210/linux/ipp/lib/intel64/:/opt/intel/compilers_and_libraries_2016.3.210/linux/compiler/lib/intel64/:/opt/intel/compilers_and_libraries_2016.3.210/linux/mkl/lib/intel64/:/opt/intel/compilers_and_libraries_2016.3.210/linux/tbb/lib/intel64/gcc4.4/:/opt/intel/compilers_and_libraries_2016.3.210/linux/daal/lib/intel64_lin/:/opt/intel/compilers_and_libraries_2016.3.210/linux/daal/../tbb/lib/intel64_lin/gcc4.4/:/opt/intel/compilers_and_libraries_2016.3.210/linux/daal/../compiler/lib/intel64_lin/:/opt/centos/devtoolset-2/root/usr/bin/../lib/gcc/x86_64-redhat-linux/4.8.2/../../../:/lib/:/usr/lib/]
  ignore line: [COLLECT_GCC_OPTIONS='-v' '-o' 'cmTryCompileExec1865025265' '-rdynamic' '-I' '/home/sarna/Desktop/Libraries/mpich/include' '-L/home/sarna/Desktop/Libraries/mpich/lib' '-mtune=generic' '-march=x86-64']
  link line: [ /opt/centos/devtoolset-2/root/usr/bin/../libexec/gcc/x86_64-redhat-linux/4.8.2/collect2 --build-id --no-add-needed --eh-frame-hdr --hash-style=gnu -m elf_x86_64 -export-dynamic -dynamic-linker /lib64/ld-linux-x86-64.so.2 -o cmTryCompileExec1865025265 /usr/lib/../lib64/crt1.o /usr/lib/../lib64/crti.o /opt/centos/devtoolset-2/root/usr/bin/../lib/gcc/x86_64-redhat-linux/4.8.2/crtbegin.o -L/home/sarna/Desktop/Libraries/mpich/lib -L/opt/centos/devtoolset-2/root/usr/bin/../lib/gcc/x86_64-redhat-linux/4.8.2 -L/opt/centos/devtoolset-2/root/usr/bin/../lib/gcc -L/opt/centos/devtoolset-2/root/usr/bin/../lib/gcc/x86_64-redhat-linux/4.8.2/../../../../lib64 -L/lib/../lib64 -L/usr/lib/../lib64 -L/opt/intel/compilers_and_libraries_2016.3.210/linux/ipp/lib/intel64 -L/opt/intel/compilers_and_libraries_2016.3.210/linux/compiler/lib/intel64 -L/opt/intel/compilers_and_libraries_2016.3.210/linux/mkl/lib/intel64 -L/opt/intel/compilers_and_libraries_2016.3.210/linux/tbb/lib/intel64/gcc4.4 -L/opt/intel/compilers_and_libraries_2016.3.210/linux/daal/lib/intel64_lin -L/opt/intel/compilers_and_libraries_2016.3.210/linux/daal/../tbb/lib/intel64_lin/gcc4.4 -L/opt/intel/compilers_and_libraries_2016.3.210/linux/daal/../compiler/lib/intel64_lin -L/opt/centos/devtoolset-2/root/usr/bin/../lib/gcc/x86_64-redhat-linux/4.8.2/../../.. CMakeFiles/cmTryCompileExec1865025265.dir/CMakeCCompilerABI.c.o -rpath /home/sarna/Desktop/Libraries/mpich/lib --enable-new-dtags -lmpi -lgcc --as-needed -lgcc_s --no-as-needed -lc -lgcc --as-needed -lgcc_s --no-as-needed /opt/centos/devtoolset-2/root/usr/bin/../lib/gcc/x86_64-redhat-linux/4.8.2/crtend.o /usr/lib/../lib64/crtn.o]
    arg [/opt/centos/devtoolset-2/root/usr/bin/../libexec/gcc/x86_64-redhat-linux/4.8.2/collect2] ==> ignore
    arg [--build-id] ==> ignore
    arg [--no-add-needed] ==> ignore
    arg [--eh-frame-hdr] ==> ignore
    arg [--hash-style=gnu] ==> ignore
    arg [-m] ==> ignore
    arg [elf_x86_64] ==> ignore
    arg [-export-dynamic] ==> ignore
    arg [-dynamic-linker] ==> ignore
    arg [/lib64/ld-linux-x86-64.so.2] ==> ignore
    arg [-o] ==> ignore
    arg [cmTryCompileExec1865025265] ==> ignore
    arg [/usr/lib/../lib64/crt1.o] ==> ignore
    arg [/usr/lib/../lib64/crti.o] ==> ignore
    arg [/opt/centos/devtoolset-2/root/usr/bin/../lib/gcc/x86_64-redhat-linux/4.8.2/crtbegin.o] ==> ignore
    arg [-L/home/sarna/Desktop/Libraries/mpich/lib] ==> dir [/home/sarna/Desktop/Libraries/mpich/lib]
    arg [-L/opt/centos/devtoolset-2/root/usr/bin/../lib/gcc/x86_64-redhat-linux/4.8.2] ==> dir [/opt/centos/devtoolset-2/root/usr/bin/../lib/gcc/x86_64-redhat-linux/4.8.2]
    arg [-L/opt/centos/devtoolset-2/root/usr/bin/../lib/gcc] ==> dir [/opt/centos/devtoolset-2/root/usr/bin/../lib/gcc]
    arg [-L/opt/centos/devtoolset-2/root/usr/bin/../lib/gcc/x86_64-redhat-linux/4.8.2/../../../../lib64] ==> dir [/opt/centos/devtoolset-2/root/usr/bin/../lib/gcc/x86_64-redhat-linux/4.8.2/../../../../lib64]
    arg [-L/lib/../lib64] ==> dir [/lib/../lib64]
    arg [-L/usr/lib/../lib64] ==> dir [/usr/lib/../lib64]
    arg [-L/opt/intel/compilers_and_libraries_2016.3.210/linux/ipp/lib/intel64] ==> dir [/opt/intel/compilers_and_libraries_2016.3.210/linux/ipp/lib/intel64]
    arg [-L/opt/intel/compilers_and_libraries_2016.3.210/linux/compiler/lib/intel64] ==> dir [/opt/intel/compilers_and_libraries_2016.3.210/linux/compiler/lib/intel64]
    arg [-L/opt/intel/compilers_and_libraries_2016.3.210/linux/mkl/lib/intel64] ==> dir [/opt/intel/compilers_and_libraries_2016.3.210/linux/mkl/lib/intel64]
    arg [-L/opt/intel/compilers_and_libraries_2016.3.210/linux/tbb/lib/intel64/gcc4.4] ==> dir [/opt/intel/compilers_and_libraries_2016.3.210/linux/tbb/lib/intel64/gcc4.4]
    arg [-L/opt/intel/compilers_and_libraries_2016.3.210/linux/daal/lib/intel64_lin] ==> dir [/opt/intel/compilers_and_libraries_2016.3.210/linux/daal/lib/intel64_lin]
    arg [-L/opt/intel/compilers_and_libraries_2016.3.210/linux/daal/../tbb/lib/intel64_lin/gcc4.4] ==> dir [/opt/intel/compilers_and_libraries_2016.3.210/linux/daal/../tbb/lib/intel64_lin/gcc4.4]
    arg [-L/opt/intel/compilers_and_libraries_2016.3.210/linux/daal/../compiler/lib/intel64_lin] ==> dir [/opt/intel/compilers_and_libraries_2016.3.210/linux/daal/../compiler/lib/intel64_lin]
    arg [-L/opt/centos/devtoolset-2/root/usr/bin/../lib/gcc/x86_64-redhat-linux/4.8.2/../../..] ==> dir [/opt/centos/devtoolset-2/root/usr/bin/../lib/gcc/x86_64-redhat-linux/4.8.2/../../..]
    arg [CMakeFiles/cmTryCompileExec1865025265.dir/CMakeCCompilerABI.c.o] ==> ignore
    arg [-rpath] ==> ignore
    arg [/home/sarna/Desktop/Libraries/mpich/lib] ==> ignore
    arg [--enable-new-dtags] ==> ignore
    arg [-lmpi] ==> lib [mpi]
    arg [-lgcc] ==> lib [gcc]
    arg [--as-needed] ==> ignore
    arg [-lgcc_s] ==> lib [gcc_s]
    arg [--no-as-needed] ==> ignore
    arg [-lc] ==> lib [c]
    arg [-lgcc] ==> lib [gcc]
    arg [--as-needed] ==> ignore
    arg [-lgcc_s] ==> lib [gcc_s]
    arg [--no-as-needed] ==> ignore
    arg [/opt/centos/devtoolset-2/root/usr/bin/../lib/gcc/x86_64-redhat-linux/4.8.2/crtend.o] ==> ignore
    arg [/usr/lib/../lib64/crtn.o] ==> ignore
  remove lib [gcc]
  remove lib [gcc_s]
  remove lib [gcc]
  remove lib [gcc_s]
  collapse library dir [/home/sarna/Desktop/Libraries/mpich/lib] ==> [/home/sarna/Desktop/Libraries/mpich/lib]
  collapse library dir [/opt/centos/devtoolset-2/root/usr/bin/../lib/gcc/x86_64-redhat-linux/4.8.2] ==> [/opt/centos/devtoolset-2/root/usr/lib/gcc/x86_64-redhat-linux/4.8.2]
  collapse library dir [/opt/centos/devtoolset-2/root/usr/bin/../lib/gcc] ==> [/opt/centos/devtoolset-2/root/usr/lib/gcc]
  collapse library dir [/opt/centos/devtoolset-2/root/usr/bin/../lib/gcc/x86_64-redhat-linux/4.8.2/../../../../lib64] ==> [/opt/centos/devtoolset-2/root/usr/lib64]
  collapse library dir [/lib/../lib64] ==> [/lib64]
  collapse library dir [/usr/lib/../lib64] ==> [/usr/lib64]
  collapse library dir [/opt/intel/compilers_and_libraries_2016.3.210/linux/ipp/lib/intel64] ==> [/opt/intel/compilers_and_libraries_2016.3.210/linux/ipp/lib/intel64]
  collapse library dir [/opt/intel/compilers_and_libraries_2016.3.210/linux/compiler/lib/intel64] ==> [/opt/intel/compilers_and_libraries_2016.3.210/linux/compiler/lib/intel64]
  collapse library dir [/opt/intel/compilers_and_libraries_2016.3.210/linux/mkl/lib/intel64] ==> [/opt/intel/compilers_and_libraries_2016.3.210/linux/mkl/lib/intel64]
  collapse library dir [/opt/intel/compilers_and_libraries_2016.3.210/linux/tbb/lib/intel64/gcc4.4] ==> [/opt/intel/compilers_and_libraries_2016.3.210/linux/tbb/lib/intel64/gcc4.4]
  collapse library dir [/opt/intel/compilers_and_libraries_2016.3.210/linux/daal/lib/intel64_lin] ==> [/opt/intel/compilers_and_libraries_2016.3.210/linux/daal/lib/intel64_lin]
  collapse library dir [/opt/intel/compilers_and_libraries_2016.3.210/linux/daal/../tbb/lib/intel64_lin/gcc4.4] ==> [/opt/intel/compilers_and_libraries_2016.3.210/linux/tbb/lib/intel64_lin/gcc4.4]
  collapse library dir [/opt/intel/compilers_and_libraries_2016.3.210/linux/daal/../compiler/lib/intel64_lin] ==> [/opt/intel/compilers_and_libraries_2016.3.210/linux/compiler/lib/intel64_lin]
  collapse library dir [/opt/centos/devtoolset-2/root/usr/bin/../lib/gcc/x86_64-redhat-linux/4.8.2/../../..] ==> [/opt/centos/devtoolset-2/root/usr/lib]
  implicit libs: [mpi;c]
  implicit dirs: [/home/sarna/Desktop/Libraries/mpich/lib;/opt/centos/devtoolset-2/root/usr/lib/gcc/x86_64-redhat-linux/4.8.2;/opt/centos/devtoolset-2/root/usr/lib/gcc;/opt/centos/devtoolset-2/root/usr/lib64;/lib64;/usr/lib64;/opt/intel/compilers_and_libraries_2016.3.210/linux/ipp/lib/intel64;/opt/intel/compilers_and_libraries_2016.3.210/linux/compiler/lib/intel64;/opt/intel/compilers_and_libraries_2016.3.210/linux/mkl/lib/intel64;/opt/intel/compilers_and_libraries_2016.3.210/linux/tbb/lib/intel64/gcc4.4;/opt/intel/compilers_and_libraries_2016.3.210/linux/daal/lib/intel64_lin;/opt/intel/compilers_and_libraries_2016.3.210/linux/tbb/lib/intel64_lin/gcc4.4;/opt/intel/compilers_and_libraries_2016.3.210/linux/compiler/lib/intel64_lin;/opt/centos/devtoolset-2/root/usr/lib]
  implicit fwks: []


Determining if the CXX compiler works passed with the following output:
Change Dir: /home/sarna/Desktop/DG_moments_dealii/build/CMakeFiles/CMakeTmp

Run Build Command:/usr/bin/gmake "cmTryCompileExec314429791/fast"
/usr/bin/gmake -f CMakeFiles/cmTryCompileExec314429791.dir/build.make CMakeFiles/cmTryCompileExec314429791.dir/build
gmake[1]: Entering directory `/home/sarna/Desktop/DG_moments_dealii/build/CMakeFiles/CMakeTmp'
/usr/bin/cmake -E cmake_progress_report /home/sarna/Desktop/DG_moments_dealii/build/CMakeFiles/CMakeTmp/CMakeFiles 1
Building CXX object CMakeFiles/cmTryCompileExec314429791.dir/testCXXCompiler.cxx.o
/home/sarna/Desktop/Libraries/mpich/bin/mpicxx     -o CMakeFiles/cmTryCompileExec314429791.dir/testCXXCompiler.cxx.o -c /home/sarna/Desktop/DG_moments_dealii/build/CMakeFiles/CMakeTmp/testCXXCompiler.cxx
Linking CXX executable cmTryCompileExec314429791
/usr/bin/cmake -E cmake_link_script CMakeFiles/cmTryCompileExec314429791.dir/link.txt --verbose=1
/home/sarna/Desktop/Libraries/mpich/bin/mpicxx        CMakeFiles/cmTryCompileExec314429791.dir/testCXXCompiler.cxx.o  -o cmTryCompileExec314429791 -rdynamic 
gmake[1]: Leaving directory `/home/sarna/Desktop/DG_moments_dealii/build/CMakeFiles/CMakeTmp'


Detecting CXX compiler ABI info compiled with the following output:
Change Dir: /home/sarna/Desktop/DG_moments_dealii/build/CMakeFiles/CMakeTmp

Run Build Command:/usr/bin/gmake "cmTryCompileExec3976149709/fast"
/usr/bin/gmake -f CMakeFiles/cmTryCompileExec3976149709.dir/build.make CMakeFiles/cmTryCompileExec3976149709.dir/build
gmake[1]: Entering directory `/home/sarna/Desktop/DG_moments_dealii/build/CMakeFiles/CMakeTmp'
/usr/bin/cmake -E cmake_progress_report /home/sarna/Desktop/DG_moments_dealii/build/CMakeFiles/CMakeTmp/CMakeFiles 1
Building CXX object CMakeFiles/cmTryCompileExec3976149709.dir/CMakeCXXCompilerABI.cpp.o
/home/sarna/Desktop/Libraries/mpich/bin/mpicxx     -o CMakeFiles/cmTryCompileExec3976149709.dir/CMakeCXXCompilerABI.cpp.o -c /usr/share/cmake/Modules/CMakeCXXCompilerABI.cpp
Linking CXX executable cmTryCompileExec3976149709
/usr/bin/cmake -E cmake_link_script CMakeFiles/cmTryCompileExec3976149709.dir/link.txt --verbose=1
/home/sarna/Desktop/Libraries/mpich/bin/mpicxx      -v CMakeFiles/cmTryCompileExec3976149709.dir/CMakeCXXCompilerABI.cpp.o  -o cmTryCompileExec3976149709 -rdynamic  
mpicxx for MPICH version 3.2
Using built-in specs.
COLLECT_GCC=/opt/centos/devtoolset-2/root/usr/bin/g++
COLLECT_LTO_WRAPPER=/opt/centos/devtoolset-2/root/usr/bin/../libexec/gcc/x86_64-redhat-linux/4.8.2/lto-wrapper
Target: x86_64-redhat-linux
Configured with: ../configure --prefix=/opt/rh/devtoolset-2/root/usr --mandir=/opt/rh/devtoolset-2/root/usr/share/man --infodir=/opt/rh/devtoolset-2/root/usr/share/info --with-bugurl=http://bugzilla.redhat.com/bugzilla --enable-bootstrap --enable-shared --enable-threads=posix --enable-checking=release --with-system-zlib --enable-__cxa_atexit --disable-libunwind-exceptions --enable-gnu-unique-object --enable-linker-build-id --enable-languages=c,c++,fortran,lto --enable-plugin --with-linker-hash-style=gnu --enable-initfini-array --disable-libgcj --with-isl=/builddir/build/BUILD/gcc-4.8.2-20140120/obj-x86_64-redhat-linux/isl-install --with-cloog=/builddir/build/BUILD/gcc-4.8.2-20140120/obj-x86_64-redhat-linux/cloog-install --with-mpc=/builddir/build/BUILD/gcc-4.8.2-20140120/obj-x86_64-redhat-linux/mpc-install --with-tune=generic --with-arch_32=i686 --build=x86_64-redhat-linux
Thread model: posix
gcc version 4.8.2 20140120 (Red Hat 4.8.2-15) (GCC) 
COMPILER_PATH=/opt/centos/devtoolset-2/root/usr/bin/../libexec/gcc/x86_64-redhat-linux/4.8.2/:/opt/centos/devtoolset-2/root/usr/bin/../libexec/gcc/
LIBRARY_PATH=/opt/centos/devtoolset-2/root/usr/bin/../lib/gcc/x86_64-redhat-linux/4.8.2/:/opt/centos/devtoolset-2/root/usr/bin/../lib/gcc/:/opt/centos/devtoolset-2/root/usr/bin/../lib/gcc/x86_64-redhat-linux/4.8.2/../../../../lib64/:/lib/../lib64/:/usr/lib/../lib64/:/opt/intel/compilers_and_libraries_2016.3.210/linux/ipp/lib/intel64/:/opt/intel/compilers_and_libraries_2016.3.210/linux/compiler/lib/intel64/:/opt/intel/compilers_and_libraries_2016.3.210/linux/mkl/lib/intel64/:/opt/intel/compilers_and_libraries_2016.3.210/linux/tbb/lib/intel64/gcc4.4/:/opt/intel/compilers_and_libraries_2016.3.210/linux/daal/lib/intel64_lin/:/opt/intel/compilers_and_libraries_2016.3.210/linux/daal/../tbb/lib/intel64_lin/gcc4.4/:/opt/intel/compilers_and_libraries_2016.3.210/linux/daal/../compiler/lib/intel64_lin/:/opt/centos/devtoolset-2/root/usr/bin/../lib/gcc/x86_64-redhat-linux/4.8.2/../../../:/lib/:/usr/lib/
COLLECT_GCC_OPTIONS='-v' '-o' 'cmTryCompileExec3976149709' '-rdynamic' '-I' '/home/sarna/Desktop/Libraries/mpich/include' '-L/home/sarna/Desktop/Libraries/mpich/lib' '-shared-libgcc' '-mtune=generic' '-march=x86-64'
 /opt/centos/devtoolset-2/root/usr/bin/../libexec/gcc/x86_64-redhat-linux/4.8.2/collect2 --build-id --no-add-needed --eh-frame-hdr --hash-style=gnu -m elf_x86_64 -export-dynamic -dynamic-linker /lib64/ld-linux-x86-64.so.2 -o cmTryCompileExec3976149709 /usr/lib/../lib64/crt1.o /usr/lib/../lib64/crti.o /opt/centos/devtoolset-2/root/usr/bin/../lib/gcc/x86_64-redhat-linux/4.8.2/crtbegin.o -L/home/sarna/Desktop/Libraries/mpich/lib -L/opt/centos/devtoolset-2/root/usr/bin/../lib/gcc/x86_64-redhat-linux/4.8.2 -L/opt/centos/devtoolset-2/root/usr/bin/../lib/gcc -L/opt/centos/devtoolset-2/root/usr/bin/../lib/gcc/x86_64-redhat-linux/4.8.2/../../../../lib64 -L/lib/../lib64 -L/usr/lib/../lib64 -L/opt/intel/compilers_and_libraries_2016.3.210/linux/ipp/lib/intel64 -L/opt/intel/compilers_and_libraries_2016.3.210/linux/compiler/lib/intel64 -L/opt/intel/compilers_and_libraries_2016.3.210/linux/mkl/lib/intel64 -L/opt/intel/compilers_and_libraries_2016.3.210/linux/tbb/lib/intel64/gcc4.4 -L/opt/intel/compilers_and_libraries_2016.3.210/linux/daal/lib/intel64_lin -L/opt/intel/compilers_and_libraries_2016.3.210/linux/daal/../tbb/lib/intel64_lin/gcc4.4 -L/opt/intel/compilers_and_libraries_2016.3.210/linux/daal/../compiler/lib/intel64_lin -L/opt/centos/devtoolset-2/root/usr/bin/../lib/gcc/x86_64-redhat-linux/4.8.2/../../.. CMakeFiles/cmTryCompileExec3976149709.dir/CMakeCXXCompilerABI.cpp.o -lmpicxx -rpath /home/sarna/Desktop/Libraries/mpich/lib --enable-new-dtags -lmpi -lstdc++ -lm -lgcc_s -lgcc -lc -lgcc_s -lgcc /opt/centos/devtoolset-2/root/usr/bin/../lib/gcc/x86_64-redhat-linux/4.8.2/crtend.o /usr/lib/../lib64/crtn.o
gmake[1]: Leaving directory `/home/sarna/Desktop/DG_moments_dealii/build/CMakeFiles/CMakeTmp'


Parsed CXX implicit link information from above output:
  link line regex: [^( *|.*[/\])(ld|([^/\]+-)?ld|collect2)[^/\]*( |$)]
  ignore line: [Change Dir: /home/sarna/Desktop/DG_moments_dealii/build/CMakeFiles/CMakeTmp]
  ignore line: []
  ignore line: [Run Build Command:/usr/bin/gmake "cmTryCompileExec3976149709/fast"]
  ignore line: [/usr/bin/gmake -f CMakeFiles/cmTryCompileExec3976149709.dir/build.make CMakeFiles/cmTryCompileExec3976149709.dir/build]
  ignore line: [gmake[1]: Entering directory `/home/sarna/Desktop/DG_moments_dealii/build/CMakeFiles/CMakeTmp']
  ignore line: [/usr/bin/cmake -E cmake_progress_report /home/sarna/Desktop/DG_moments_dealii/build/CMakeFiles/CMakeTmp/CMakeFiles 1]
  ignore line: [Building CXX object CMakeFiles/cmTryCompileExec3976149709.dir/CMakeCXXCompilerABI.cpp.o]
  ignore line: [/home/sarna/Desktop/Libraries/mpich/bin/mpicxx     -o CMakeFiles/cmTryCompileExec3976149709.dir/CMakeCXXCompilerABI.cpp.o -c /usr/share/cmake/Modules/CMakeCXXCompilerABI.cpp]
  ignore line: [Linking CXX executable cmTryCompileExec3976149709]
  ignore line: [/usr/bin/cmake -E cmake_link_script CMakeFiles/cmTryCompileExec3976149709.dir/link.txt --verbose=1]
  ignore line: [/home/sarna/Desktop/Libraries/mpich/bin/mpicxx      -v CMakeFiles/cmTryCompileExec3976149709.dir/CMakeCXXCompilerABI.cpp.o  -o cmTryCompileExec3976149709 -rdynamic  ]
  ignore line: [mpicxx for MPICH version 3.2]
  ignore line: [Using built-in specs.]
  ignore line: [COLLECT_GCC=/opt/centos/devtoolset-2/root/usr/bin/g++]
  ignore line: [COLLECT_LTO_WRAPPER=/opt/centos/devtoolset-2/root/usr/bin/../libexec/gcc/x86_64-redhat-linux/4.8.2/lto-wrapper]
  ignore line: [Target: x86_64-redhat-linux]
  ignore line: [Configured with: ../configure --prefix=/opt/rh/devtoolset-2/root/usr --mandir=/opt/rh/devtoolset-2/root/usr/share/man --infodir=/opt/rh/devtoolset-2/root/usr/share/info --with-bugurl=http://bugzilla.redhat.com/bugzilla --enable-bootstrap --enable-shared --enable-threads=posix --enable-checking=release --with-system-zlib --enable-__cxa_atexit --disable-libunwind-exceptions --enable-gnu-unique-object --enable-linker-build-id --enable-languages=c,c++,fortran,lto --enable-plugin --with-linker-hash-style=gnu --enable-initfini-array --disable-libgcj --with-isl=/builddir/build/BUILD/gcc-4.8.2-20140120/obj-x86_64-redhat-linux/isl-install --with-cloog=/builddir/build/BUILD/gcc-4.8.2-20140120/obj-x86_64-redhat-linux/cloog-install --with-mpc=/builddir/build/BUILD/gcc-4.8.2-20140120/obj-x86_64-redhat-linux/mpc-install --with-tune=generic --with-arch_32=i686 --build=x86_64-redhat-linux]
  ignore line: [Thread model: posix]
  ignore line: [gcc version 4.8.2 20140120 (Red Hat 4.8.2-15) (GCC) ]
  ignore line: [COMPILER_PATH=/opt/centos/devtoolset-2/root/usr/bin/../libexec/gcc/x86_64-redhat-linux/4.8.2/:/opt/centos/devtoolset-2/root/usr/bin/../libexec/gcc/]
  ignore line: [LIBRARY_PATH=/opt/centos/devtoolset-2/root/usr/bin/../lib/gcc/x86_64-redhat-linux/4.8.2/:/opt/centos/devtoolset-2/root/usr/bin/../lib/gcc/:/opt/centos/devtoolset-2/root/usr/bin/../lib/gcc/x86_64-redhat-linux/4.8.2/../../../../lib64/:/lib/../lib64/:/usr/lib/../lib64/:/opt/intel/compilers_and_libraries_2016.3.210/linux/ipp/lib/intel64/:/opt/intel/compilers_and_libraries_2016.3.210/linux/compiler/lib/intel64/:/opt/intel/compilers_and_libraries_2016.3.210/linux/mkl/lib/intel64/:/opt/intel/compilers_and_libraries_2016.3.210/linux/tbb/lib/intel64/gcc4.4/:/opt/intel/compilers_and_libraries_2016.3.210/linux/daal/lib/intel64_lin/:/opt/intel/compilers_and_libraries_2016.3.210/linux/daal/../tbb/lib/intel64_lin/gcc4.4/:/opt/intel/compilers_and_libraries_2016.3.210/linux/daal/../compiler/lib/intel64_lin/:/opt/centos/devtoolset-2/root/usr/bin/../lib/gcc/x86_64-redhat-linux/4.8.2/../../../:/lib/:/usr/lib/]
  ignore line: [COLLECT_GCC_OPTIONS='-v' '-o' 'cmTryCompileExec3976149709' '-rdynamic' '-I' '/home/sarna/Desktop/Libraries/mpich/include' '-L/home/sarna/Desktop/Libraries/mpich/lib' '-shared-libgcc' '-mtune=generic' '-march=x86-64']
  link line: [ /opt/centos/devtoolset-2/root/usr/bin/../libexec/gcc/x86_64-redhat-linux/4.8.2/collect2 --build-id --no-add-needed --eh-frame-hdr --hash-style=gnu -m elf_x86_64 -export-dynamic -dynamic-linker /lib64/ld-linux-x86-64.so.2 -o cmTryCompileExec3976149709 /usr/lib/../lib64/crt1.o /usr/lib/../lib64/crti.o /opt/centos/devtoolset-2/root/usr/bin/../lib/gcc/x86_64-redhat-linux/4.8.2/crtbegin.o -L/home/sarna/Desktop/Libraries/mpich/lib -L/opt/centos/devtoolset-2/root/usr/bin/../lib/gcc/x86_64-redhat-linux/4.8.2 -L/opt/centos/devtoolset-2/root/usr/bin/../lib/gcc -L/opt/centos/devtoolset-2/root/usr/bin/../lib/gcc/x86_64-redhat-linux/4.8.2/../../../../lib64 -L/lib/../lib64 -L/usr/lib/../lib64 -L/opt/intel/compilers_and_libraries_2016.3.210/linux/ipp/lib/intel64 -L/opt/intel/compilers_and_libraries_2016.3.210/linux/compiler/lib/intel64 -L/opt/intel/compilers_and_libraries_2016.3.210/linux/mkl/lib/intel64 -L/opt/intel/compilers_and_libraries_2016.3.210/linux/tbb/lib/intel64/gcc4.4 -L/opt/intel/compilers_and_libraries_2016.3.210/linux/daal/lib/intel64_lin -L/opt/intel/compilers_and_libraries_2016.3.210/linux/daal/../tbb/lib/intel64_lin/gcc4.4 -L/opt/intel/compilers_and_libraries_2016.3.210/linux/daal/../compiler/lib/intel64_lin -L/opt/centos/devtoolset-2/root/usr/bin/../lib/gcc/x86_64-redhat-linux/4.8.2/../../.. CMakeFiles/cmTryCompileExec3976149709.dir/CMakeCXXCompilerABI.cpp.o -lmpicxx -rpath /home/sarna/Desktop/Libraries/mpich/lib --enable-new-dtags -lmpi -lstdc++ -lm -lgcc_s -lgcc -lc -lgcc_s -lgcc /opt/centos/devtoolset-2/root/usr/bin/../lib/gcc/x86_64-redhat-linux/4.8.2/crtend.o /usr/lib/../lib64/crtn.o]
    arg [/opt/centos/devtoolset-2/root/usr/bin/../libexec/gcc/x86_64-redhat-linux/4.8.2/collect2] ==> ignore
    arg [--build-id] ==> ignore
    arg [--no-add-needed] ==> ignore
    arg [--eh-frame-hdr] ==> ignore
    arg [--hash-style=gnu] ==> ignore
    arg [-m] ==> ignore
    arg [elf_x86_64] ==> ignore
    arg [-export-dynamic] ==> ignore
    arg [-dynamic-linker] ==> ignore
    arg [/lib64/ld-linux-x86-64.so.2] ==> ignore
    arg [-o] ==> ignore
    arg [cmTryCompileExec3976149709] ==> ignore
    arg [/usr/lib/../lib64/crt1.o] ==> ignore
    arg [/usr/lib/../lib64/crti.o] ==> ignore
    arg [/opt/centos/devtoolset-2/root/usr/bin/../lib/gcc/x86_64-redhat-linux/4.8.2/crtbegin.o] ==> ignore
    arg [-L/home/sarna/Desktop/Libraries/mpich/lib] ==> dir [/home/sarna/Desktop/Libraries/mpich/lib]
    arg [-L/opt/centos/devtoolset-2/root/usr/bin/../lib/gcc/x86_64-redhat-linux/4.8.2] ==> dir [/opt/centos/devtoolset-2/root/usr/bin/../lib/gcc/x86_64-redhat-linux/4.8.2]
    arg [-L/opt/centos/devtoolset-2/root/usr/bin/../lib/gcc] ==> dir [/opt/centos/devtoolset-2/root/usr/bin/../lib/gcc]
    arg [-L/opt/centos/devtoolset-2/root/usr/bin/../lib/gcc/x86_64-redhat-linux/4.8.2/../../../../lib64] ==> dir [/opt/centos/devtoolset-2/root/usr/bin/../lib/gcc/x86_64-redhat-linux/4.8.2/../../../../lib64]
    arg [-L/lib/../lib64] ==> dir [/lib/../lib64]
    arg [-L/usr/lib/../lib64] ==> dir [/usr/lib/../lib64]
    arg [-L/opt/intel/compilers_and_libraries_2016.3.210/linux/ipp/lib/intel64] ==> dir [/opt/intel/compilers_and_libraries_2016.3.210/linux/ipp/lib/intel64]
    arg [-L/opt/intel/compilers_and_libraries_2016.3.210/linux/compiler/lib/intel64] ==> dir [/opt/intel/compilers_and_libraries_2016.3.210/linux/compiler/lib/intel64]
    arg [-L/opt/intel/compilers_and_libraries_2016.3.210/linux/mkl/lib/intel64] ==> dir [/opt/intel/compilers_and_libraries_2016.3.210/linux/mkl/lib/intel64]
    arg [-L/opt/intel/compilers_and_libraries_2016.3.210/linux/tbb/lib/intel64/gcc4.4] ==> dir [/opt/intel/compilers_and_libraries_2016.3.210/linux/tbb/lib/intel64/gcc4.4]
    arg [-L/opt/intel/compilers_and_libraries_2016.3.210/linux/daal/lib/intel64_lin] ==> dir [/opt/intel/compilers_and_libraries_2016.3.210/linux/daal/lib/intel64_lin]
    arg [-L/opt/intel/compilers_and_libraries_2016.3.210/linux/daal/../tbb/lib/intel64_lin/gcc4.4] ==> dir [/opt/intel/compilers_and_libraries_2016.3.210/linux/daal/../tbb/lib/intel64_lin/gcc4.4]
    arg [-L/opt/intel/compilers_and_libraries_2016.3.210/linux/daal/../compiler/lib/intel64_lin] ==> dir [/opt/intel/compilers_and_libraries_2016.3.210/linux/daal/../compiler/lib/intel64_lin]
    arg [-L/opt/centos/devtoolset-2/root/usr/bin/../lib/gcc/x86_64-redhat-linux/4.8.2/../../..] ==> dir [/opt/centos/devtoolset-2/root/usr/bin/../lib/gcc/x86_64-redhat-linux/4.8.2/../../..]
    arg [CMakeFiles/cmTryCompileExec3976149709.dir/CMakeCXXCompilerABI.cpp.o] ==> ignore
    arg [-lmpicxx] ==> lib [mpicxx]
    arg [-rpath] ==> ignore
    arg [/home/sarna/Desktop/Libraries/mpich/lib] ==> ignore
    arg [--enable-new-dtags] ==> ignore
    arg [-lmpi] ==> lib [mpi]
    arg [-lstdc++] ==> lib [stdc++]
    arg [-lm] ==> lib [m]
    arg [-lgcc_s] ==> lib [gcc_s]
    arg [-lgcc] ==> lib [gcc]
    arg [-lc] ==> lib [c]
    arg [-lgcc_s] ==> lib [gcc_s]
    arg [-lgcc] ==> lib [gcc]
    arg [/opt/centos/devtoolset-2/root/usr/bin/../lib/gcc/x86_64-redhat-linux/4.8.2/crtend.o] ==> ignore
    arg [/usr/lib/../lib64/crtn.o] ==> ignore
  remove lib [gcc_s]
  remove lib [gcc]
  remove lib [gcc_s]
  remove lib [gcc]
  collapse library dir [/home/sarna/Desktop/Libraries/mpich/lib] ==> [/home/sarna/Desktop/Libraries/mpich/lib]
  collapse library dir [/opt/centos/devtoolset-2/root/usr/bin/../lib/gcc/x86_64-redhat-linux/4.8.2] ==> [/opt/centos/devtoolset-2/root/usr/lib/gcc/x86_64-redhat-linux/4.8.2]
  collapse library dir [/opt/centos/devtoolset-2/root/usr/bin/../lib/gcc] ==> [/opt/centos/devtoolset-2/root/usr/lib/gcc]
  collapse library dir [/opt/centos/devtoolset-2/root/usr/bin/../lib/gcc/x86_64-redhat-linux/4.8.2/../../../../lib64] ==> [/opt/centos/devtoolset-2/root/usr/lib64]
  collapse library dir [/lib/../lib64] ==> [/lib64]
  collapse library dir [/usr/lib/../lib64] ==> [/usr/lib64]
  collapse library dir [/opt/intel/compilers_and_libraries_2016.3.210/linux/ipp/lib/intel64] ==> [/opt/intel/compilers_and_libraries_2016.3.210/linux/ipp/lib/intel64]
  collapse library dir [/opt/intel/compilers_and_libraries_2016.3.210/linux/compiler/lib/intel64] ==> [/opt/intel/compilers_and_libraries_2016.3.210/linux/compiler/lib/intel64]
  collapse library dir [/opt/intel/compilers_and_libraries_2016.3.210/linux/mkl/lib/intel64] ==> [/opt/intel/compilers_and_libraries_2016.3.210/linux/mkl/lib/intel64]
  collapse library dir [/opt/intel/compilers_and_libraries_2016.3.210/linux/tbb/lib/intel64/gcc4.4] ==> [/opt/intel/compilers_and_libraries_2016.3.210/linux/tbb/lib/intel64/gcc4.4]
  collapse library dir [/opt/intel/compilers_and_libraries_2016.3.210/linux/daal/lib/intel64_lin] ==> [/opt/intel/compilers_and_libraries_2016.3.210/linux/daal/lib/intel64_lin]
  collapse library dir [/opt/intel/compilers_and_libraries_2016.3.210/linux/daal/../tbb/lib/intel64_lin/gcc4.4] ==> [/opt/intel/compilers_and_libraries_2016.3.210/linux/tbb/lib/intel64_lin/gcc4.4]
  collapse library dir [/opt/intel/compilers_and_libraries_2016.3.210/linux/daal/../compiler/lib/intel64_lin] ==> [/opt/intel/compilers_and_libraries_2016.3.210/linux/compiler/lib/intel64_lin]
  collapse library dir [/opt/centos/devtoolset-2/root/usr/bin/../lib/gcc/x86_64-redhat-linux/4.8.2/../../..] ==> [/opt/centos/devtoolset-2/root/usr/lib]
  implicit libs: [mpicxx;mpi;stdc++;m;c]
  implicit dirs: [/home/sarna/Desktop/Libraries/mpich/lib;/opt/centos/devtoolset-2/root/usr/lib/gcc/x86_64-redhat-linux/4.8.2;/opt/centos/devtoolset-2/root/usr/lib/gcc;/opt/centos/devtoolset-2/root/usr/lib64;/lib64;/usr/lib64;/opt/intel/compilers_and_libraries_2016.3.210/linux/ipp/lib/intel64;/opt/intel/compilers_and_libraries_2016.3.210/linux/compiler/lib/intel64;/opt/intel/compilers_and_libraries_2016.3.210/linux/mkl/lib/intel64;/opt/intel/compilers_and_libraries_2016.3.210/linux/tbb/lib/intel64/gcc4.4;/opt/intel/compilers_and_libraries_2016.3.210/linux/daal/lib/intel64_lin;/opt/intel/compilers_and_libraries_2016.3.210/linux/tbb/lib/intel64_lin/gcc4.4;/opt/intel/compilers_and_libraries_2016.3.210/linux/compiler/lib/intel64_lin;/opt/centos/devtoolset-2/root/usr/lib]
  implicit fwks: []


